[debug] [2025-10-01T10:05:08.401Z] : 
[debug] [2025-10-01T10:05:08.416Z] : ----------------------------------------------------------------------
[debug] [2025-10-01T10:05:08.416Z] : Command:      C:\Program Files\nodejs\node.exe C:\Users\hp\AppData\Roaming\npm\node_modules\zcatalyst-cli\lib\bin\catalyst.js serve
[debug] [2025-10-01T10:05:08.417Z] : CLI Version:  1.20.1
[debug] [2025-10-01T10:05:08.418Z] : Platform:     win32
[debug] [2025-10-01T10:05:08.418Z] : Node Version: v22.14.0
[debug] [2025-10-01T10:05:08.418Z] : Time:         Wed Oct 01 2025 15:35:08 GMT+0530 (India Standard Time)
[debug] [2025-10-01T10:05:08.418Z] : ----------------------------------------------------------------------
[debug] [2025-10-01T10:05:08.419Z] : 
[debug] [2025-10-01T10:05:09.525Z] : > authorizing via signed-in user option
[debug] [2025-10-01T10:05:09.526Z] : > command requires scopes: ["ZohoCatalyst.projects.ALL","ZohoCatalyst.apigateway.apis.READ","ZohoCatalyst.apigateway.READ","ZohoCatalyst.segments.ALL","ZohoCatalyst.cache.READ","ZohoCatalyst.cache.CREATE","ZohoCatalyst.cache.DELETE","ZohoCatalyst.projects.ALL","ZohoCatalyst.cron.ALL","ZohoCatalyst.zcql.CREATE","ZohoCatalyst.projects.users.READ","ZohoCatalyst.projects.users.CREATE","ZohoCatalyst.projects.users.DELETE","ZohoCatalyst.projects.users.UPDATE","ZohoCatalyst.authentication.CREATE","ZohoCatalyst.email.CREATE","ZohoCatalyst.tables.ALL","ZohoCatalyst.tables.rows.ALL","ZohoCatalyst.tables.columns.ALL","ZohoCatalyst.tables.bulk.CREATE","ZohoCatalyst.tables.bulk.READ","ZohoCatalyst.folders.ALL","ZohoCatalyst.files.CREATE","ZohoCatalyst.files.READ","ZohoCatalyst.files.DELETE","ZohoCatalyst.functions.ALL","ZohoCatalyst.functions.EXECUTE","ZohoCatalyst.eventlistners.ALL","ZohoCatalyst.eventlisteners.produce","ZohoCatalyst.security.rules.Read","ZohoCatalyst.security.rules.Update","ZohoCatalyst.notifications.mobile","ZohoCatalyst.notifications.web","ZohoCatalyst.search.READ","ZohoCatalyst.mlkit.READ","QuickML.deployment.READ","ZohoCatalyst.pdfshot.execute","ZohoCatalyst.dataverse.execute","ZohoCatalyst.circuits.execution.DELETE","ZohoCatalyst.circuits.execution.READ","ZohoCatalyst.circuits.execute","ZohoCatalyst.appsail.Read","ZohoCatalyst.jobpool.READ","ZohoCatalyst.job.ALL","ZohoCatalyst.nosql.READ","ZohoCatalyst.nosql.rows.ALL"]
[debug] [2025-10-01T10:05:09.560Z] : > refreshing access token <
[debug] [2025-10-01T10:05:09.563Z] : >>>> HTTP REQUEST : POST https://accounts.zoho.com/oauth/v2/token 
<request body omitted>

[debug] [2025-10-01T10:05:10.525Z] : <<<< HTTP RESPONSE : 200
Response Headers: {"server":"ZGS","date":"Wed, 01 Oct 2025 10:05:10 GMT","content-type":"application/json;charset=UTF-8","content-length":"2393","connection":"keep-alive","cache-control":"no-store","x-content-type-options":"nosniff","pragma":"no-cache","x-frame-options":"SAMEORIGIN","vary":"accept-encoding","content-language":"en-US","strict-transport-security":"max-age=64072000; includeSubDomains; preload"}

[debug] [2025-10-01T10:05:10.554Z] : >>>> HTTP REQUEST : GET https://api.catalyst.zoho.com/baas/v1/project/35003000000070077 

[debug] [2025-10-01T10:05:11.416Z] : <<<< HTTP RESPONSE : 200
Response Headers: {"server":"ZGS","date":"Wed, 01 Oct 2025 10:05:11 GMT","content-type":"application/vnd.catalyst.v2+json","transfer-encoding":"chunked","connection":"keep-alive","x-content-type-options":"nosniff","cache-control":"private,no-cache,no-store,max-age=0,must-revalidate","pragma":"no-cache","expires":"Thu, 01 Jan 1970 00:00:00 GMT","x-frame-options":"DENY","strict-transport-security":"max-age=64072000; includeSubDomains; preload"}

[debug] [2025-10-01T10:05:11.420Z] : >>>> HTTP REQUEST : GET https://api.catalyst.zoho.com/baas/v1/project/35003000000070077/environment 

[debug] [2025-10-01T10:05:11.692Z] : <<<< HTTP RESPONSE : 200
Response Headers: {"server":"ZGS","date":"Wed, 01 Oct 2025 10:05:11 GMT","content-type":"application/vnd.catalyst.v2+json","transfer-encoding":"chunked","connection":"keep-alive","x-content-type-options":"nosniff","cache-control":"private,no-cache,no-store,max-age=0,must-revalidate","pragma":"no-cache","expires":"Thu, 01 Jan 1970 00:00:00 GMT","x-frame-options":"DENY","strict-transport-security":"max-age=64072000; includeSubDomains; preload"}

[debug] [2025-10-01T10:05:12.736Z] : http port : '3000' is not available. Hence port '3001' will be used instead.
[debug] [2025-10-01T10:05:12.747Z] : No basic functions to add
[info] [2025-10-01T10:05:13.033Z] : 
[info] [2025-10-01T10:05:13.033Z] :  >>>>>>>>>>>>>> AppSail <<<<<<<<<<<<<< 
[info] [2025-10-01T10:05:13.035Z] : i appsailmockdata: http://localhost:3001
[info] [2025-10-01T10:05:13.035Z] : 
[debug] [2025-10-01T10:05:20.055Z] : >>>> HTTP REQUEST : GET https://projectappsail-887745869.development.catalystserverless.com/baas/v1/project/35003000000070077/project-user/current 

[debug] [2025-10-01T10:05:20.896Z] : <<<< HTTP RESPONSE : 401
Response Headers: {"server":"ZGS","date":"Wed, 01 Oct 2025 10:05:20 GMT","content-type":"application/json;charset=ISO-8859-1","content-length":"91","connection":"keep-alive","x-content-type-options":"nosniff","cache-control":"private,no-cache,no-store,max-age=0,must-revalidate","pragma":"no-cache","expires":"Thu, 01 Jan 1970 00:00:00 GMT","x-frame-options":"DENY","strict-transport-security":"max-age=64072000; includeSubDomains; preload"}

[debug] [2025-10-01T10:05:20.897Z] : Response Body : {"status":"failure","data":{"error_code":"INVALID_TOKEN","message":"invalid oauth token"}}

[debug] [2025-10-01T10:10:12.426Z] : >>>> HTTP REQUEST : GET https://projectappsail-887745869.development.catalystserverless.com/baas/v1/project/35003000000070077/project-user/current 

[debug] [2025-10-01T10:10:13.241Z] : <<<< HTTP RESPONSE : 401
Response Headers: {"server":"ZGS","date":"Wed, 01 Oct 2025 10:10:12 GMT","content-type":"application/json;charset=ISO-8859-1","content-length":"91","connection":"keep-alive","x-content-type-options":"nosniff","cache-control":"private,no-cache,no-store,max-age=0,must-revalidate","pragma":"no-cache","expires":"Thu, 01 Jan 1970 00:00:00 GMT","x-frame-options":"DENY","strict-transport-security":"max-age=64072000; includeSubDomains; preload"}

[debug] [2025-10-01T10:10:13.242Z] : Response Body : {"status":"failure","data":{"error_code":"INVALID_TOKEN","message":"invalid oauth token"}}

[debug] [2025-10-01T10:10:22.802Z] : >>>> HTTP REQUEST : GET https://projectappsail-887745869.development.catalystserverless.com/baas/v1/project/35003000000070077/project-user/current 

[debug] [2025-10-01T10:10:23.658Z] : <<<< HTTP RESPONSE : 401
Response Headers: {"server":"ZGS","date":"Wed, 01 Oct 2025 10:10:23 GMT","content-type":"application/json;charset=ISO-8859-1","content-length":"91","connection":"keep-alive","x-content-type-options":"nosniff","cache-control":"private,no-cache,no-store,max-age=0,must-revalidate","pragma":"no-cache","expires":"Thu, 01 Jan 1970 00:00:00 GMT","x-frame-options":"DENY","strict-transport-security":"max-age=64072000; includeSubDomains; preload"}

[debug] [2025-10-01T10:10:23.659Z] : Response Body : {"status":"failure","data":{"error_code":"INVALID_TOKEN","message":"invalid oauth token"}}

